0 verbose cli /usr/local/bin/node /usr/local/bin/npm
1 info using npm@10.9.0
2 info using node@v22.12.0
3 silly config load:file:/usr/local/lib/node_modules/npm/npmrc
4 silly config load:file:/Users/lilihayashi/Documents/2024/Coder house/HTML_CSS/Entrega Final/HTML/.npmrc
5 silly config load:file:/Users/lilihayashi/.npmrc
6 silly config load:file:/Users/lilihayashi/Documents/2024/Coder house/HTML_CSS/Entrega Final/HTML/C:UsersmynameAppDataRoamingnpm/etc/npmrc
7 verbose title npm install
8 verbose argv "install"
9 verbose logfile logs-max:10 dir:/Users/lilihayashi/Documents/2024/Coder house/HTML_CSS/Entrega Final/HTML/C:UsersmynameAppDataRoamingnpm-cache/_logs/2025-01-16T14_09_47_092Z-
10 verbose logfile /Users/lilihayashi/Documents/2024/Coder house/HTML_CSS/Entrega Final/HTML/C:UsersmynameAppDataRoamingnpm-cache/_logs/2025-01-16T14_09_47_092Z-debug-0.log
11 silly logfile done cleaning log files
12 silly packumentCache heap:4345298944 maxSize:1086324736 maxEntrySize:543162368
13 silly idealTree buildDeps
14 silly reify moves {}
15 silly audit bulk request {
15 silly audit   '@babel/code-frame': [ '7.26.2' ],
15 silly audit   '@babel/helper-validator-identifier': [ '7.25.9' ],
15 silly audit   '@gar/promisify': [ '1.1.3' ],
15 silly audit   '@npmcli/fs': [ '2.1.2', '1.1.1' ],
15 silly audit   '@npmcli/move-file': [ '2.0.1', '1.1.2' ],
15 silly audit   '@tootallnate/once': [ '2.0.0', '1.1.2' ],
15 silly audit   '@types/minimist': [ '1.2.5' ],
15 silly audit   '@types/normalize-package-data': [ '2.4.4' ],
15 silly audit   abbrev: [ '1.1.1' ],
15 silly audit   'agent-base': [ '6.0.2' ],
15 silly audit   agentkeepalive: [ '4.6.0' ],
15 silly audit   'aggregate-error': [ '3.1.0' ],
15 silly audit   'animate.css': [ '4.1.1' ],
15 silly audit   'ansi-regex': [ '5.0.1' ],
15 silly audit   'ansi-styles': [ '4.3.0' ],
15 silly audit   aos: [ '2.3.4' ],
15 silly audit   aproba: [ '2.0.0' ],
15 silly audit   'are-we-there-yet': [ '3.0.1' ],
15 silly audit   arrify: [ '1.0.1' ],
15 silly audit   'async-foreach': [ '0.1.3' ],
15 silly audit   'balanced-match': [ '1.0.2' ],
15 silly audit   'brace-expansion': [ '1.1.11', '2.0.1' ],
15 silly audit   cacache: [ '16.1.3', '15.3.0' ],
15 silly audit   glob: [ '8.1.0', '7.2.3', '7.1.7' ],
15 silly audit   minimatch: [ '5.1.6', '3.0.8', '3.1.2' ],
15 silly audit   camelcase: [ '5.3.1' ],
15 silly audit   'camelcase-keys': [ '6.2.2' ],
15 silly audit   chalk: [ '4.1.2' ],
15 silly audit   chownr: [ '2.0.0' ],
15 silly audit   'classlist-polyfill': [ '1.2.0' ],
15 silly audit   'clean-stack': [ '2.2.0' ],
15 silly audit   cliui: [ '8.0.1' ],
15 silly audit   'color-convert': [ '2.0.1' ],
15 silly audit   'color-name': [ '1.1.4' ],
15 silly audit   'color-support': [ '1.1.3' ],
15 silly audit   'concat-map': [ '0.0.1' ],
15 silly audit   'console-control-strings': [ '1.1.0' ],
15 silly audit   'core-util-is': [ '1.0.3' ],
15 silly audit   'cross-spawn': [ '7.0.6' ],
15 silly audit   debug: [ '4.4.0' ],
15 silly audit   decamelize: [ '1.2.0' ],
15 silly audit   'decamelize-keys': [ '1.1.1' ],
15 silly audit   'map-obj': [ '1.0.1', '4.3.0' ],
15 silly audit   delegates: [ '1.0.0' ],
15 silly audit   'emoji-regex': [ '8.0.0' ],
15 silly audit   encoding: [ '0.1.13' ],
15 silly audit   'env-paths': [ '2.2.1' ],
15 silly audit   'err-code': [ '2.0.3' ],
15 silly audit   'error-ex': [ '1.3.2' ],
15 silly audit   escalade: [ '3.2.0' ],
15 silly audit   'find-up': [ '4.1.0' ],
15 silly audit   'fs-minipass': [ '2.1.0' ],
15 silly audit   'fs.realpath': [ '1.0.0' ],
15 silly audit   'function-bind': [ '1.1.2' ],
15 silly audit   gauge: [ '4.0.4' ],
15 silly audit   gaze: [ '1.1.3' ],
15 silly audit   'get-caller-file': [ '2.0.5' ],
15 silly audit   'get-stdin': [ '4.0.1' ],
15 silly audit   globule: [ '1.3.4' ],
15 silly audit   'graceful-fs': [ '4.2.11' ],
15 silly audit   'hard-rejection': [ '2.1.0' ],
15 silly audit   'has-flag': [ '4.0.0' ],
15 silly audit   'has-unicode': [ '2.0.1' ],
15 silly audit   hasown: [ '2.0.2' ],
15 silly audit   'hosted-git-info': [ '4.1.0', '2.8.9' ],
15 silly audit   'lru-cache': [ '6.0.0', '7.18.3' ],
15 silly audit   'http-cache-semantics': [ '4.1.1' ],
15 silly audit   'http-proxy-agent': [ '5.0.0', '4.0.1' ],
15 silly audit   'https-proxy-agent': [ '5.0.1' ],
15 silly audit   'humanize-ms': [ '1.2.1' ],
15 silly audit   'iconv-lite': [ '0.6.3' ],
15 silly audit   imurmurhash: [ '0.1.4' ],
15 silly audit   'indent-string': [ '4.0.0' ],
15 silly audit   'infer-owner': [ '1.0.4' ],
15 silly audit   inflight: [ '1.0.6' ],
15 silly audit   inherits: [ '2.0.4' ],
15 silly audit   'ip-address': [ '9.0.5' ],
15 silly audit   'is-arrayish': [ '0.2.1' ],
15 silly audit   'is-core-module': [ '2.16.1' ],
15 silly audit   'is-fullwidth-code-point': [ '3.0.0' ],
15 silly audit   'is-lambda': [ '1.0.1' ],
15 silly audit   'is-plain-obj': [ '1.1.0' ],
15 silly audit   isarray: [ '1.0.0' ],
15 silly audit   isexe: [ '2.0.0' ],
15 silly audit   'js-base64': [ '2.6.4' ],
15 silly audit   'js-tokens': [ '4.0.0' ],
15 silly audit   jsbn: [ '1.1.0' ],
15 silly audit   'json-parse-even-better-errors': [ '2.3.1' ],
15 silly audit   'kind-of': [ '6.0.3' ],
15 silly audit   'lines-and-columns': [ '1.2.4' ],
15 silly audit   'locate-path': [ '5.0.0' ],
15 silly audit   lodash: [ '4.17.21' ],
15 silly audit   'lodash.debounce': [ '4.0.8' ],
15 silly audit   'lodash.throttle': [ '4.1.1' ],
15 silly audit   'make-fetch-happen': [ '10.2.1', '9.1.0' ],
15 silly audit   meow: [ '9.0.0' ],
15 silly audit   'min-indent': [ '1.0.1' ],
15 silly audit   'minimist-options': [ '4.1.0' ],
15 silly audit   minipass: [ '3.3.6', '5.0.0' ],
15 silly audit   'minipass-collect': [ '1.0.2' ],
15 silly audit   'minipass-fetch': [ '2.1.2', '1.4.1' ],
15 silly audit   'minipass-flush': [ '1.0.5' ],
15 silly audit   'minipass-pipeline': [ '1.2.4' ],
15 silly audit   'minipass-sized': [ '1.0.3' ],
15 silly audit   minizlib: [ '2.1.2' ],
15 silly audit   mkdirp: [ '1.0.4' ],
15 silly audit   ms: [ '2.1.3' ],
15 silly audit   nan: [ '2.22.0' ],
15 silly audit   negotiator: [ '0.6.4' ],
15 silly audit   'node-gyp': [ '8.4.1' ],
15 silly audit   'socks-proxy-agent': [ '6.2.1', '7.0.0' ],
15 silly audit   ssri: [ '8.0.1', '9.0.1' ],
15 silly audit   'unique-filename': [ '1.1.1', '2.0.1' ],
15 silly audit   'unique-slug': [ '2.0.2', '3.0.0' ],
15 silly audit   'node-sass': [ '9.0.0' ],
15 silly audit   nopt: [ '5.0.0' ],
15 silly audit   'normalize-package-data': [ '3.0.3', '2.5.0' ],
15 silly audit   npmlog: [ '6.0.2' ],
15 silly audit   once: [ '1.4.0' ],
15 silly audit   'p-limit': [ '2.3.0' ],
15 silly audit   'p-locate': [ '4.1.0' ],
15 silly audit   'p-map': [ '4.0.0' ],
15 silly audit   'p-try': [ '2.2.0' ],
15 silly audit   'parse-json': [ '5.2.0' ],
15 silly audit   'path-exists': [ '4.0.0' ],
15 silly audit   'path-is-absolute': [ '1.0.1' ],
15 silly audit   'path-key': [ '3.1.1' ],
15 silly audit   'path-parse': [ '1.0.7' ],
15 silly audit   picocolors: [ '1.1.1' ],
15 silly audit   'process-nextick-args': [ '2.0.1' ],
15 silly audit   'promise-inflight': [ '1.0.1' ],
15 silly audit   'promise-retry': [ '2.0.1' ],
15 silly audit   'quick-lru': [ '4.0.1' ],
15 silly audit   'read-pkg': [ '5.2.0' ],
15 silly audit   'read-pkg-up': [ '7.0.1' ],
15 silly audit   'type-fest': [ '0.8.1', '0.6.0', '0.18.1' ],
15 silly audit   semver: [ '5.7.2', '7.6.3' ],
15 silly audit   'readable-stream': [ '3.6.2', '2.3.8' ],
15 silly audit   redent: [ '3.0.0' ],
15 silly audit   'require-directory': [ '2.1.1' ],
15 silly audit   resolve: [ '1.22.10' ],
15 silly audit   retry: [ '0.12.0' ],
15 silly audit   rimraf: [ '3.0.2' ],
15 silly audit   'safe-buffer': [ '5.2.1', '5.1.2' ],
15 silly audit   'safer-buffer': [ '2.1.2' ],
15 silly audit   'sass-graph': [ '4.0.1' ],
15 silly audit   'scss-tokenizer': [ '0.4.3' ],
15 silly audit   'set-blocking': [ '2.0.0' ],
15 silly audit   'shebang-command': [ '2.0.0' ],
15 silly audit   'shebang-regex': [ '3.0.0' ],
15 silly audit   'signal-exit': [ '3.0.7' ],
15 silly audit   'smart-buffer': [ '4.2.0' ],
15 silly audit   socks: [ '2.8.3' ],
15 silly audit   'source-map': [ '0.7.4' ],
15 silly audit   'spdx-correct': [ '3.2.0' ],
15 silly audit   'spdx-exceptions': [ '2.5.0' ],
15 silly audit   'spdx-expression-parse': [ '3.0.1' ],
15 silly audit   'spdx-license-ids': [ '3.0.21' ],
15 silly audit   'sprintf-js': [ '1.1.3' ],
15 silly audit   'stdout-stream': [ '1.4.1' ],
15 silly audit   string_decoder: [ '1.1.1', '1.3.0' ],
15 silly audit   'string-width': [ '4.2.3' ],
15 silly audit   'strip-ansi': [ '6.0.1' ],
15 silly audit   'strip-indent': [ '3.0.0' ],
15 silly audit   'supports-color': [ '7.2.0' ],
15 silly audit   'supports-preserve-symlinks-flag': [ '1.0.0' ],
15 silly audit   tar: [ '6.2.1' ],
15 silly audit   'trim-newlines': [ '3.0.1' ],
15 silly audit   'true-case-path': [ '2.2.1' ],
15 silly audit   'util-deprecate': [ '1.0.2' ],
15 silly audit   'validate-npm-package-license': [ '3.0.4' ],
15 silly audit   which: [ '2.0.2' ],
15 silly audit   'wide-align': [ '1.1.5' ],
15 silly audit   'wrap-ansi': [ '7.0.0' ],
15 silly audit   wrappy: [ '1.0.2' ],
15 silly audit   y18n: [ '5.0.8' ],
15 silly audit   yallist: [ '4.0.0' ],
15 silly audit   yargs: [ '17.7.2' ],
15 silly audit   'yargs-parser': [ '20.2.9', '21.1.1' ]
15 silly audit }
16 http fetch POST 200 https://registry.npmjs.org/-/npm/v1/security/advisories/bulk 464ms
17 silly audit report {}
18 verbose cwd /Users/lilihayashi/Documents/2024/Coder house/HTML_CSS/Entrega Final/HTML
19 verbose os Darwin 23.6.0
20 verbose node v22.12.0
21 verbose npm  v10.9.0
22 verbose exit 0
23 info ok
