0 verbose cli /usr/local/bin/node /usr/local/bin/npm
1 info using npm@10.9.0
2 info using node@v22.12.0
3 silly config load:file:/usr/local/lib/node_modules/npm/npmrc
4 silly config load:file:/Users/lilihayashi/Documents/2024/Coder house/HTML_CSS/Entrega Final/HTML/.npmrc
5 silly config load:file:/Users/lilihayashi/.npmrc
6 silly config load:file:/Users/lilihayashi/Documents/2024/Coder house/HTML_CSS/Entrega Final/HTML/C:UsersmynameAppDataRoamingnpm/etc/npmrc
7 verbose title npm run build
8 verbose argv "run" "build"
9 verbose logfile logs-max:10 dir:/Users/lilihayashi/Documents/2024/Coder house/HTML_CSS/Entrega Final/HTML/C:UsersmynameAppDataRoamingnpm-cache/_logs/2025-01-16T14_09_53_611Z-
10 verbose logfile /Users/lilihayashi/Documents/2024/Coder house/HTML_CSS/Entrega Final/HTML/C:UsersmynameAppDataRoamingnpm-cache/_logs/2025-01-16T14_09_53_611Z-debug-0.log
11 silly logfile done cleaning log files
12 verbose stack Error: Missing script: "build"
12 verbose stack
12 verbose stack To see a list of scripts, run:
12 verbose stack   npm run
12 verbose stack     at #run (/usr/local/lib/node_modules/npm/lib/commands/run-script.js:111:13)
12 verbose stack     at async RunScript.exec (/usr/local/lib/node_modules/npm/lib/commands/run-script.js:40:7)
12 verbose stack     at async Npm.exec (/usr/local/lib/node_modules/npm/lib/npm.js:207:9)
12 verbose stack     at async module.exports (/usr/local/lib/node_modules/npm/lib/cli/entry.js:74:5)
13 error Missing script: "build"
13 error
13 error To see a list of scripts, run:
13 error   npm run
14 verbose cwd /Users/lilihayashi/Documents/2024/Coder house/HTML_CSS/Entrega Final/HTML
15 verbose os Darwin 23.6.0
16 verbose node v22.12.0
17 verbose npm  v10.9.0
18 verbose exit 1
19 verbose code 1
20 error A complete log of this run can be found in: /Users/lilihayashi/Documents/2024/Coder house/HTML_CSS/Entrega Final/HTML/C:UsersmynameAppDataRoamingnpm-cache/_logs/2025-01-16T14_09_53_611Z-debug-0.log
